<?xml version="1.0" encoding="UTF-8"?>
<!-- Generated by org.testng.reporters.JUnitReportReporter -->
<testsuite hostname="Poonam" failures="0" tests="5" name="com.page.ReservationPage" time="160.836" errors="0" timestamp="2023-03-20T20:05:03 IST" skipped="0">
  <testcase classname="com.page.ReservationPage" name="verifyAccessibilityButton" time="45.671"/>
  <system-out/>
  <testcase classname="com.page.ReservationPage" name="verify_Title" time="29.939"/>
  <system-out/>
  <testcase classname="com.page.ReservationPage" name="numOfLinkPresent" time="31.568"/>
  <system-out/>
  <testcase classname="com.page.ReservationPage" name="Check_RoomType" time="26.036"/>
  <system-out/>
  <testcase classname="com.page.ReservationPage" name="verifyModifyButton" time="27.622"/>
  <system-out/>
</testsuite> <!-- com.page.ReservationPage -->
