<?xml version="1.0" encoding="UTF-8"?>
<!-- Generated by org.testng.reporters.JUnitReportReporter -->
<testsuite hostname="Poonam" failures="0" tests="5" name="com.page.ReservationPage" time="139.927" errors="0" timestamp="2023-06-22T13:53:03 IST" skipped="0">
  <testcase classname="com.page.ReservationPage" name="verify_Title" time="24.057"/>
  <system-out/>
  <testcase classname="com.page.ReservationPage" name="verifyModifyButton" time="24.541"/>
  <system-out/>
  <testcase classname="com.page.ReservationPage" name="numOfLinkPresent" time="23.932"/>
  <system-out/>
  <testcase classname="com.page.ReservationPage" name="verifyAccessibilityButton" time="26.794"/>
  <system-out/>
  <testcase classname="com.page.ReservationPage" name="Check_RoomType" time="40.603"/>
  <system-out/>
</testsuite> <!-- com.page.ReservationPage -->
